Using pre-set license
Built from '2020.3/staging' branch; Version is '2020.3.9f1 (108be757e447) revision 1084391'; Using compiler version '192528614'; Build Type 'Release'
OS: 'Windows 10 Home Single Language; OS build 22000.493; Version 2009; 64bit' Language: 'en' Physical Memory: 16275 MB
BatchMode: 1, IsHumanControllingUs: 0, StartBugReporterOnCrash: 0, Is64bit: 1, IsPro: 0

 COMMAND LINE ARGUMENTS:
C:\Program Files\Unity\Hub\Editor\2020.3.9f1\Editor\Unity.exe
-adb2
-batchMode
-noUpm
-name
AssetImportWorker0
-projectPath
Z:/Code/Unity/2DShooterMultiplayer/Shooter2d(mul)
-logFile
Logs/AssetImportWorker0.log
-srvPort
55900
Successfully changed project path to: Z:/Code/Unity/2DShooterMultiplayer/Shooter2d(mul)
Z:/Code/Unity/2DShooterMultiplayer/Shooter2d(mul)
Using Asset Import Pipeline V2.
Refreshing native plugins compatible for Editor in 54.71 ms, found 1 plugins.
Preloading 0 native plugins for Editor in 0.00 ms.
Initialize engine version: 2020.3.9f1 (108be757e447)
[Subsystems] Discovering subsystems at path C:/Program Files/Unity/Hub/Editor/2020.3.9f1/Editor/Data/Resources/UnitySubsystems
[Subsystems] Discovering subsystems at path Z:/Code/Unity/2DShooterMultiplayer/Shooter2d(mul)/Assets
GfxDevice: creating device client; threaded=0
Direct3D:
    Version:  Direct3D 11.0 [level 11.0]
    Renderer: NVIDIA GeForce MX130 (ID=0x174d)
    Vendor:   
    VRAM:     2010 MB
    Driver:   30.0.14.7168
Initialize mono
Mono path[0] = 'C:/Program Files/Unity/Hub/Editor/2020.3.9f1/Editor/Data/Managed'
Mono path[1] = 'C:/Program Files/Unity/Hub/Editor/2020.3.9f1/Editor/Data/MonoBleedingEdge/lib/mono/unityjit'
Mono config path = 'C:/Program Files/Unity/Hub/Editor/2020.3.9f1/Editor/Data/MonoBleedingEdge/etc'
Using monoOptions --debugger-agent=transport=dt_socket,embedding=1,server=y,suspend=n,address=127.0.0.1:56900
Begin MonoManager ReloadAssembly
Registering precompiled unity dll's ...
Register platform support module: C:/Program Files/Unity/Hub/Editor/2020.3.9f1/Editor/Data/PlaybackEngines/WindowsStandaloneSupport/UnityEditor.WindowsStandalone.Extensions.dll
Registered in 0.002001 seconds.
Native extension for WindowsStandalone target not found
Refreshing native plugins compatible for Editor in 50.59 ms, found 1 plugins.
Preloading 0 native plugins for Editor in 0.00 ms.
Mono: successfully reloaded assembly
- Completed reload, in  2.293 seconds
Platform modules already initialized, skipping
Registering precompiled user dll's ...
Registered in 0.003498 seconds.
Begin MonoManager ReloadAssembly
Native extension for WindowsStandalone target not found
Refreshing native plugins compatible for Editor in 49.80 ms, found 1 plugins.
Preloading 0 native plugins for Editor in 0.00 ms.
Mono: successfully reloaded assembly
- Completed reload, in  1.164 seconds
Platform modules already initialized, skipping
========================================================================
Worker process is ready to serve import requests
Launched and connected shader compiler UnityShaderCompiler.exe after 0.07 seconds
Refreshing native plugins compatible for Editor in 0.50 ms, found 1 plugins.
Preloading 0 native plugins for Editor in 0.00 ms.
Unloading 2084 Unused Serialized files (Serialized files now loaded: 0)
System memory in use before: 95.7 MB.
System memory in use after: 95.6 MB.

Unloading 30 unused Assets to reduce memory usage. Loaded Objects now: 2523.
Total: 2.387900 ms (FindLiveObjects: 0.209300 ms CreateObjectMapping: 0.080100 ms MarkObjects: 1.966100 ms  DeleteObjects: 0.131400 ms)

========================================================================
Received Import Request.
  path: Assets/Scripts/PlayerPhysicsSync.cs
  artifactKey: Guid(d192ad7d0a3acb245b0467d0ab7621fe) Importer(815301076,1909f56bfc062723c751e8b465ee728b)
Start importing Assets/Scripts/PlayerPhysicsSync.cs using Guid(d192ad7d0a3acb245b0467d0ab7621fe) Importer(815301076,1909f56bfc062723c751e8b465ee728b)  -> (artifact id: '22cb14adecedbbe4f502f92ea0eda872') in 0.032325 seconds
  Import took 0.035501 seconds .

========================================================================
Received Import Request.
  Time since last request: 80.497306 seconds.
  path: Assets/Scripts/PlayerSyncStructs.cs
  artifactKey: Guid(1ae985b5da2d06b4a8992986fccbd80c) Importer(815301076,1909f56bfc062723c751e8b465ee728b)
Start importing Assets/Scripts/PlayerSyncStructs.cs using Guid(1ae985b5da2d06b4a8992986fccbd80c) Importer(815301076,1909f56bfc062723c751e8b465ee728b)  -> (artifact id: '4556091b70e96754783039a5c772796f') in 0.005901 seconds
  Import took 0.009819 seconds .

========================================================================
Received Import Request.
  Time since last request: 5.192529 seconds.
  path: Assets/Scripts/PlayerControls.cs
  artifactKey: Guid(61129641be391e744b7b14ab6a39c02a) Importer(815301076,1909f56bfc062723c751e8b465ee728b)
Start importing Assets/Scripts/PlayerControls.cs using Guid(61129641be391e744b7b14ab6a39c02a) Importer(815301076,1909f56bfc062723c751e8b465ee728b)  -> (artifact id: '868c49068675a2f0fff034c0bdfe7133') in 0.025465 seconds
  Import took 0.028596 seconds .

========================================================================
Received Import Request.
  Time since last request: 0.026002 seconds.
  path: Assets/Scripts/PlayerControls.cs
  artifactKey: Guid(61129641be391e744b7b14ab6a39c02a) Importer(815301076,1909f56bfc062723c751e8b465ee728b)
Start importing Assets/Scripts/PlayerControls.cs using Guid(61129641be391e744b7b14ab6a39c02a) Importer(815301076,1909f56bfc062723c751e8b465ee728b)  -> (artifact id: '868c49068675a2f0fff034c0bdfe7133') in 0.003000 seconds
  Import took 0.006210 seconds .

========================================================================
Received Prepare
Registering precompiled user dll's ...
Registered in 0.004964 seconds.
Begin MonoManager ReloadAssembly
Native extension for WindowsStandalone target not found
Refreshing native plugins compatible for Editor in 0.53 ms, found 1 plugins.
Preloading 0 native plugins for Editor in 0.00 ms.
Mono: successfully reloaded assembly
- Completed reload, in  0.995 seconds
Platform modules already initialized, skipping
Refreshing native plugins compatible for Editor in 0.53 ms, found 1 plugins.
Preloading 0 native plugins for Editor in 0.00 ms.
Unloading 2066 Unused Serialized files (Serialized files now loaded: 0)
System memory in use before: 94.3 MB.
System memory in use after: 94.3 MB.

Unloading 17 unused Assets to reduce memory usage. Loaded Objects now: 2529.
Total: 2.540800 ms (FindLiveObjects: 0.201600 ms CreateObjectMapping: 0.068100 ms MarkObjects: 2.164200 ms  DeleteObjects: 0.105800 ms)

========================================================================
Received Import Request.
  Time since last request: 33.470073 seconds.
  path: Assets/Scripts/PlayerSyncStructs.cs
  artifactKey: Guid(1ae985b5da2d06b4a8992986fccbd80c) Importer(815301076,1909f56bfc062723c751e8b465ee728b)
Start importing Assets/Scripts/PlayerSyncStructs.cs using Guid(1ae985b5da2d06b4a8992986fccbd80c) Importer(815301076,1909f56bfc062723c751e8b465ee728b)  -> (artifact id: '81116172da59a336055741432cde7a85') in 0.004710 seconds
  Import took 0.007972 seconds .

========================================================================
Received Import Request.
  Time since last request: 0.033122 seconds.
  path: Assets/Scripts/PlayerSyncStructs.cs
  artifactKey: Guid(1ae985b5da2d06b4a8992986fccbd80c) Importer(815301076,1909f56bfc062723c751e8b465ee728b)
Start importing Assets/Scripts/PlayerSyncStructs.cs using Guid(1ae985b5da2d06b4a8992986fccbd80c) Importer(815301076,1909f56bfc062723c751e8b465ee728b)  -> (artifact id: '81116172da59a336055741432cde7a85') in 0.002460 seconds
  Import took 0.006110 seconds .

========================================================================
Received Import Request.
  Time since last request: 25.139525 seconds.
  path: Assets/Scripts/PlayerPhysicsSync.cs
  artifactKey: Guid(d192ad7d0a3acb245b0467d0ab7621fe) Importer(815301076,1909f56bfc062723c751e8b465ee728b)
Start importing Assets/Scripts/PlayerPhysicsSync.cs using Guid(d192ad7d0a3acb245b0467d0ab7621fe) Importer(815301076,1909f56bfc062723c751e8b465ee728b)  -> (artifact id: '9199c08e1b4200ebdcf304d040bf733a') in 0.002959 seconds
  Import took 0.006499 seconds .

========================================================================
Received Import Request.
  Time since last request: 0.004449 seconds.
  path: Assets/Scripts/PlayerPhysicsSync.cs
  artifactKey: Guid(d192ad7d0a3acb245b0467d0ab7621fe) Importer(815301076,1909f56bfc062723c751e8b465ee728b)
Start importing Assets/Scripts/PlayerPhysicsSync.cs using Guid(d192ad7d0a3acb245b0467d0ab7621fe) Importer(815301076,1909f56bfc062723c751e8b465ee728b)  -> (artifact id: '9199c08e1b4200ebdcf304d040bf733a') in 0.002378 seconds
  Import took 0.005612 seconds .

========================================================================
Received Prepare
Registering precompiled user dll's ...
Registered in 0.003375 seconds.
Begin MonoManager ReloadAssembly
Native extension for WindowsStandalone target not found
Refreshing native plugins compatible for Editor in 0.51 ms, found 1 plugins.
Preloading 0 native plugins for Editor in 0.00 ms.
Mono: successfully reloaded assembly
- Completed reload, in  3.636 seconds
Platform modules already initialized, skipping
Refreshing native plugins compatible for Editor in 0.64 ms, found 1 plugins.
Preloading 0 native plugins for Editor in 0.00 ms.
Unloading 2066 Unused Serialized files (Serialized files now loaded: 0)
System memory in use before: 94.3 MB.
System memory in use after: 94.3 MB.

Unloading 17 unused Assets to reduce memory usage. Loaded Objects now: 2534.
Total: 3.394300 ms (FindLiveObjects: 0.879800 ms CreateObjectMapping: 0.190000 ms MarkObjects: 2.061600 ms  DeleteObjects: 0.260000 ms)

========================================================================
Received Prepare
Refreshing native plugins compatible for Editor in 3.80 ms, found 1 plugins.
Preloading 0 native plugins for Editor in 0.00 ms.
Unloading 15 Unused Serialized files (Serialized files now loaded: 0)
System memory in use before: 53.8 MB.
System memory in use after: 53.8 MB.

Unloading 15 unused Assets to reduce memory usage. Loaded Objects now: 2534.
Total: 2.520900 ms (FindLiveObjects: 0.207100 ms CreateObjectMapping: 0.071300 ms MarkObjects: 2.129500 ms  DeleteObjects: 0.112200 ms)

========================================================================
Received Prepare
Registering precompiled user dll's ...
Registered in 0.003691 seconds.
Begin MonoManager ReloadAssembly
Native extension for WindowsStandalone target not found
Refreshing native plugins compatible for Editor in 0.54 ms, found 1 plugins.
Preloading 0 native plugins for Editor in 0.00 ms.
Mono: successfully reloaded assembly
- Completed reload, in  1.135 seconds
Platform modules already initialized, skipping
Refreshing native plugins compatible for Editor in 1.15 ms, found 1 plugins.
Preloading 0 native plugins for Editor in 0.00 ms.
Unloading 2066 Unused Serialized files (Serialized files now loaded: 0)
System memory in use before: 94.4 MB.
System memory in use after: 94.3 MB.

Unloading 17 unused Assets to reduce memory usage. Loaded Objects now: 2539.
Total: 3.367100 ms (FindLiveObjects: 0.201300 ms CreateObjectMapping: 0.069000 ms MarkObjects: 2.977800 ms  DeleteObjects: 0.117700 ms)

========================================================================
Received Prepare
Registering precompiled user dll's ...
Registered in 0.005075 seconds.
Begin MonoManager ReloadAssembly
Native extension for WindowsStandalone target not found
Refreshing native plugins compatible for Editor in 0.63 ms, found 1 plugins.
Preloading 0 native plugins for Editor in 0.00 ms.
Mono: successfully reloaded assembly
- Completed reload, in  1.724 seconds
Platform modules already initialized, skipping
Refreshing native plugins compatible for Editor in 0.58 ms, found 1 plugins.
Preloading 0 native plugins for Editor in 0.00 ms.
Unloading 2066 Unused Serialized files (Serialized files now loaded: 0)
System memory in use before: 94.4 MB.
System memory in use after: 94.4 MB.

Unloading 17 unused Assets to reduce memory usage. Loaded Objects now: 2544.
Total: 3.131900 ms (FindLiveObjects: 0.222800 ms CreateObjectMapping: 0.100100 ms MarkObjects: 2.654700 ms  DeleteObjects: 0.153200 ms)

========================================================================
Received Prepare
Registering precompiled user dll's ...
Registered in 0.006402 seconds.
Begin MonoManager ReloadAssembly
Native extension for WindowsStandalone target not found
Refreshing native plugins compatible for Editor in 0.75 ms, found 1 plugins.
Preloading 0 native plugins for Editor in 0.00 ms.
Mono: successfully reloaded assembly
- Completed reload, in  1.240 seconds
Platform modules already initialized, skipping
Refreshing native plugins compatible for Editor in 0.64 ms, found 1 plugins.
Preloading 0 native plugins for Editor in 0.00 ms.
Unloading 2066 Unused Serialized files (Serialized files now loaded: 0)
System memory in use before: 94.4 MB.
System memory in use after: 94.4 MB.

Unloading 17 unused Assets to reduce memory usage. Loaded Objects now: 2549.
Total: 2.345400 ms (FindLiveObjects: 0.199100 ms CreateObjectMapping: 0.081400 ms MarkObjects: 1.939400 ms  DeleteObjects: 0.124000 ms)

========================================================================
Received Import Request.
  Time since last request: 250.045886 seconds.
  path: Assets/Scenes/Game.unity
  artifactKey: Guid(69617320fbac9ed47be168a4fc7fdd0a) Importer(815301076,1909f56bfc062723c751e8b465ee728b)
Start importing Assets/Scenes/Game.unity using Guid(69617320fbac9ed47be168a4fc7fdd0a) Importer(815301076,1909f56bfc062723c751e8b465ee728b)  -> (artifact id: '452f5818e9eff4c5cd46c81edd7fe4f2') in 0.014548 seconds
  Import took 0.018279 seconds .

========================================================================
Received Prepare
Registering precompiled user dll's ...
Registered in 0.003484 seconds.
Begin MonoManager ReloadAssembly
Native extension for WindowsStandalone target not found
Refreshing native plugins compatible for Editor in 0.56 ms, found 1 plugins.
Preloading 0 native plugins for Editor in 0.00 ms.
Mono: successfully reloaded assembly
- Completed reload, in  0.965 seconds
Platform modules already initialized, skipping
Refreshing native plugins compatible for Editor in 0.52 ms, found 1 plugins.
Preloading 0 native plugins for Editor in 0.00 ms.
Unloading 2066 Unused Serialized files (Serialized files now loaded: 0)
System memory in use before: 94.4 MB.
System memory in use after: 94.4 MB.

Unloading 17 unused Assets to reduce memory usage. Loaded Objects now: 2554.
Total: 2.288400 ms (FindLiveObjects: 0.204100 ms CreateObjectMapping: 0.067900 ms MarkObjects: 1.905500 ms  DeleteObjects: 0.109800 ms)

========================================================================
Received Prepare
Registering precompiled user dll's ...
Registered in 0.003424 seconds.
Begin MonoManager ReloadAssembly
Native extension for WindowsStandalone target not found
Refreshing native plugins compatible for Editor in 0.52 ms, found 1 plugins.
Preloading 0 native plugins for Editor in 0.00 ms.
Mono: successfully reloaded assembly
- Completed reload, in  0.967 seconds
Platform modules already initialized, skipping
Refreshing native plugins compatible for Editor in 0.51 ms, found 1 plugins.
Preloading 0 native plugins for Editor in 0.00 ms.
Unloading 2066 Unused Serialized files (Serialized files now loaded: 0)
System memory in use before: 94.4 MB.
System memory in use after: 94.4 MB.

Unloading 17 unused Assets to reduce memory usage. Loaded Objects now: 2559.
Total: 2.493000 ms (FindLiveObjects: 0.208200 ms CreateObjectMapping: 0.073200 ms MarkObjects: 2.103900 ms  DeleteObjects: 0.106700 ms)

========================================================================
Received Prepare
Registering precompiled user dll's ...
Registered in 0.004469 seconds.
Begin MonoManager ReloadAssembly
Native extension for WindowsStandalone target not found
Refreshing native plugins compatible for Editor in 0.52 ms, found 1 plugins.
Preloading 0 native plugins for Editor in 0.00 ms.
Mono: successfully reloaded assembly
- Completed reload, in  0.955 seconds
Platform modules already initialized, skipping
Refreshing native plugins compatible for Editor in 0.54 ms, found 1 plugins.
Preloading 0 native plugins for Editor in 0.00 ms.
Unloading 2066 Unused Serialized files (Serialized files now loaded: 0)
System memory in use before: 94.4 MB.
System memory in use after: 94.4 MB.

Unloading 17 unused Assets to reduce memory usage. Loaded Objects now: 2564.
Total: 2.450800 ms (FindLiveObjects: 0.202100 ms CreateObjectMapping: 0.067900 ms MarkObjects: 2.072200 ms  DeleteObjects: 0.107700 ms)

========================================================================
Received Prepare
Registering precompiled user dll's ...
Registered in 0.003694 seconds.
Begin MonoManager ReloadAssembly
Native extension for WindowsStandalone target not found
Refreshing native plugins compatible for Editor in 0.53 ms, found 1 plugins.
Preloading 0 native plugins for Editor in 0.00 ms.
Mono: successfully reloaded assembly
- Completed reload, in  0.978 seconds
Platform modules already initialized, skipping
Refreshing native plugins compatible for Editor in 0.52 ms, found 1 plugins.
Preloading 0 native plugins for Editor in 0.00 ms.
Unloading 2066 Unused Serialized files (Serialized files now loaded: 0)
System memory in use before: 94.4 MB.
System memory in use after: 94.4 MB.

Unloading 17 unused Assets to reduce memory usage. Loaded Objects now: 2569.
Total: 2.704600 ms (FindLiveObjects: 0.215000 ms CreateObjectMapping: 0.075000 ms MarkObjects: 2.295200 ms  DeleteObjects: 0.118300 ms)

========================================================================
Received Prepare
Registering precompiled user dll's ...
Registered in 0.004958 seconds.
Begin MonoManager ReloadAssembly
Native extension for WindowsStandalone target not found
Refreshing native plugins compatible for Editor in 0.54 ms, found 1 plugins.
Preloading 0 native plugins for Editor in 0.00 ms.
Mono: successfully reloaded assembly
- Completed reload, in  1.039 seconds
Platform modules already initialized, skipping
Refreshing native plugins compatible for Editor in 0.53 ms, found 1 plugins.
Preloading 0 native plugins for Editor in 0.00 ms.
Unloading 2066 Unused Serialized files (Serialized files now loaded: 0)
System memory in use before: 94.4 MB.
System memory in use after: 94.4 MB.

Unloading 17 unused Assets to reduce memory usage. Loaded Objects now: 2574.
Total: 2.551900 ms (FindLiveObjects: 0.204900 ms CreateObjectMapping: 0.073700 ms MarkObjects: 2.161400 ms  DeleteObjects: 0.110900 ms)

========================================================================
Received Prepare
Registering precompiled user dll's ...
Registered in 0.003945 seconds.
Begin MonoManager ReloadAssembly
Native extension for WindowsStandalone target not found
Refreshing native plugins compatible for Editor in 0.52 ms, found 1 plugins.
Preloading 0 native plugins for Editor in 0.00 ms.
Mono: successfully reloaded assembly
- Completed reload, in  0.917 seconds
Platform modules already initialized, skipping
Refreshing native plugins compatible for Editor in 0.83 ms, found 1 plugins.
Preloading 0 native plugins for Editor in 0.00 ms.
Unloading 2066 Unused Serialized files (Serialized files now loaded: 0)
System memory in use before: 94.5 MB.
System memory in use after: 94.4 MB.

Unloading 17 unused Assets to reduce memory usage. Loaded Objects now: 2579.
Total: 2.548000 ms (FindLiveObjects: 0.202800 ms CreateObjectMapping: 0.136900 ms MarkObjects: 2.080800 ms  DeleteObjects: 0.126300 ms)

========================================================================
Received Prepare
Registering precompiled user dll's ...
Registered in 0.003429 seconds.
Begin MonoManager ReloadAssembly
Native extension for WindowsStandalone target not found
Refreshing native plugins compatible for Editor in 0.52 ms, found 1 plugins.
Preloading 0 native plugins for Editor in 0.00 ms.
Mono: successfully reloaded assembly
- Completed reload, in  0.944 seconds
Platform modules already initialized, skipping
Refreshing native plugins compatible for Editor in 0.51 ms, found 1 plugins.
Preloading 0 native plugins for Editor in 0.00 ms.
Unloading 2066 Unused Serialized files (Serialized files now loaded: 0)
System memory in use before: 94.5 MB.
System memory in use after: 94.4 MB.

Unloading 17 unused Assets to reduce memory usage. Loaded Objects now: 2584.
Total: 2.415700 ms (FindLiveObjects: 0.210300 ms CreateObjectMapping: 0.074300 ms MarkObjects: 2.020500 ms  DeleteObjects: 0.109500 ms)

========================================================================
Received Import Request.
  Time since last request: 433.674765 seconds.
  path: Assets/Resources/Player.prefab
  artifactKey: Guid(283f5b80f3ecfb5418f7aa29d72ad21a) Importer(815301076,1909f56bfc062723c751e8b465ee728b)
Start importing Assets/Resources/Player.prefab using Guid(283f5b80f3ecfb5418f7aa29d72ad21a) Importer(815301076,1909f56bfc062723c751e8b465ee728b)  -> (artifact id: '45f089b39ccff39ed66488944c6c2d1d') in 0.161104 seconds
  Import took 0.164743 seconds .

========================================================================
Received Import Request.
  Time since last request: 8.911174 seconds.
  path: Assets/Resources/Player.prefab
  artifactKey: Guid(283f5b80f3ecfb5418f7aa29d72ad21a) Importer(815301076,1909f56bfc062723c751e8b465ee728b)
Start importing Assets/Resources/Player.prefab using Guid(283f5b80f3ecfb5418f7aa29d72ad21a) Importer(815301076,1909f56bfc062723c751e8b465ee728b)  -> (artifact id: 'd8689bd709f0dfafe0cb27e2b08c9f8a') in 0.034921 seconds
  Import took 0.038462 seconds .

========================================================================
Received Import Request.
  Time since last request: 8.737968 seconds.
  path: Assets/Resources/Player.prefab
  artifactKey: Guid(283f5b80f3ecfb5418f7aa29d72ad21a) Importer(815301076,1909f56bfc062723c751e8b465ee728b)
Start importing Assets/Resources/Player.prefab using Guid(283f5b80f3ecfb5418f7aa29d72ad21a) Importer(815301076,1909f56bfc062723c751e8b465ee728b)  -> (artifact id: '91d29a47a5996ae863a2214b0e915995') in 0.025787 seconds
  Import took 0.029646 seconds .

========================================================================
Received Import Request.
  Time since last request: 0.011217 seconds.
  path: Assets/Resources/Player.prefab
  artifactKey: Guid(283f5b80f3ecfb5418f7aa29d72ad21a) Importer(815301076,1909f56bfc062723c751e8b465ee728b)
Start importing Assets/Resources/Player.prefab using Guid(283f5b80f3ecfb5418f7aa29d72ad21a) Importer(815301076,1909f56bfc062723c751e8b465ee728b)  -> (artifact id: '91d29a47a5996ae863a2214b0e915995') in 0.025856 seconds
  Import took 0.029655 seconds .

